[2024-03-26 10:14:59,935:INFO:common: yaml file: config/config.yaml loaded successfully]
[2024-03-26 10:14:59,941:INFO:common: yaml file: params.yaml loaded successfully]
[2024-03-26 10:14:59,946:INFO:common: created directory at: artifacts]
[2024-03-26 10:14:59,948:INFO:common: created directory at: artifacts/prepare_base_model]
[2024-03-27 23:06:52,483:INFO:common: yaml file: config/config.yaml loaded successfully]
[2024-03-27 23:06:52,486:INFO:common: yaml file: params.yaml loaded successfully]
[2024-03-27 23:06:52,487:INFO:common: created directory at: artifacts]
[2024-03-27 23:06:52,488:INFO:common: created directory at: artifacts/training]
[2024-03-28 21:50:36,365:INFO:common: yaml file: config/config.yaml loaded successfully]
[2024-03-28 21:50:36,373:INFO:common: yaml file: params.yaml loaded successfully]
[2024-03-28 21:50:36,376:INFO:common: created directory at: artifacts]
[2024-03-28 21:50:36,379:INFO:common: created directory at: artifacts/training]
[2024-03-28 21:50:50,276:INFO:common: yaml file: config/config.yaml loaded successfully]
[2024-03-28 21:50:50,281:INFO:common: yaml file: params.yaml loaded successfully]
[2024-03-28 21:50:50,283:INFO:common: created directory at: artifacts]
[2024-03-28 21:50:50,285:INFO:common: created directory at: artifacts/training]
[2024-03-28 21:51:18,166:INFO:common: yaml file: config/config.yaml loaded successfully]
[2024-03-28 21:51:18,171:INFO:common: yaml file: params.yaml loaded successfully]
[2024-03-28 21:51:18,174:INFO:common: created directory at: artifacts]
[2024-03-28 21:51:18,176:INFO:common: created directory at: artifacts/training]
[2024-03-28 21:52:52,105:INFO:common: yaml file: config/config.yaml loaded successfully]
[2024-03-28 21:52:52,111:INFO:common: yaml file: params.yaml loaded successfully]
[2024-03-28 21:52:52,113:INFO:common: created directory at: artifacts]
[2024-03-28 21:52:52,115:INFO:common: created directory at: artifacts/training]
[2024-03-28 21:53:08,137:INFO:common: yaml file: config/config.yaml loaded successfully]
[2024-03-28 21:53:08,143:INFO:common: yaml file: params.yaml loaded successfully]
[2024-03-28 21:53:08,146:INFO:common: created directory at: artifacts]
[2024-03-28 21:53:08,149:INFO:common: created directory at: artifacts/training]
[2024-03-28 21:53:17,610:INFO:common: yaml file: config/config.yaml loaded successfully]
[2024-03-28 21:53:17,616:INFO:common: yaml file: params.yaml loaded successfully]
[2024-03-28 21:53:17,618:INFO:common: created directory at: artifacts]
[2024-03-28 21:53:17,620:INFO:common: created directory at: artifacts/training]
[2024-03-28 21:54:33,236:INFO:common: yaml file: config/config.yaml loaded successfully]
[2024-03-28 21:54:33,240:INFO:common: yaml file: params.yaml loaded successfully]
[2024-03-28 21:54:33,242:INFO:common: created directory at: artifacts]
[2024-03-28 21:54:33,244:INFO:common: created directory at: artifacts/training]
[2024-03-28 21:55:36,448:INFO:common: yaml file: config/config.yaml loaded successfully]
[2024-03-28 21:55:36,453:INFO:common: yaml file: params.yaml loaded successfully]
[2024-03-28 21:55:36,455:INFO:common: created directory at: artifacts]
[2024-03-28 21:55:36,457:INFO:common: created directory at: artifacts/training]
[2024-03-28 21:56:02,902:INFO:common: yaml file: config/config.yaml loaded successfully]
[2024-03-28 21:56:02,908:INFO:common: yaml file: params.yaml loaded successfully]
[2024-03-28 21:56:02,911:INFO:common: created directory at: artifacts]
[2024-03-28 21:56:02,914:INFO:common: created directory at: artifacts/training]
[2024-03-28 21:56:32,713:INFO:common: yaml file: config/config.yaml loaded successfully]
[2024-03-28 21:56:32,718:INFO:common: yaml file: params.yaml loaded successfully]
[2024-03-28 21:56:32,720:INFO:common: created directory at: artifacts]
[2024-03-28 21:56:32,723:INFO:common: created directory at: artifacts/training]
[2024-03-28 22:35:45,101:INFO:common: yaml file: config/config.yaml loaded successfully]
[2024-03-28 22:35:45,108:INFO:common: yaml file: params.yaml loaded successfully]
[2024-03-28 22:35:45,110:INFO:common: created directory at: artifacts]
[2024-03-28 22:35:45,112:INFO:common: created directory at: artifacts/training]
[2024-03-28 22:40:00,118:INFO:common: yaml file: config/config.yaml loaded successfully]
[2024-03-28 22:40:00,124:INFO:common: yaml file: params.yaml loaded successfully]
[2024-03-28 22:40:00,126:INFO:common: created directory at: artifacts]
[2024-03-28 22:40:00,129:INFO:common: created directory at: artifacts/training]
[2024-03-28 22:40:41,833:INFO:common: yaml file: config/config.yaml loaded successfully]
[2024-03-28 22:40:41,840:INFO:common: yaml file: params.yaml loaded successfully]
[2024-03-28 22:40:41,844:INFO:common: created directory at: artifacts]
[2024-03-28 22:40:41,848:INFO:common: created directory at: artifacts/training]
[2024-03-28 22:44:11,177:INFO:common: yaml file: config/config.yaml loaded successfully]
[2024-03-28 22:44:11,182:INFO:common: yaml file: params.yaml loaded successfully]
[2024-03-28 22:44:11,184:INFO:common: created directory at: artifacts]
[2024-03-28 22:44:11,186:INFO:common: created directory at: artifacts/training]
[2024-03-28 22:49:49,687:INFO:common: yaml file: config/config.yaml loaded successfully]
[2024-03-28 22:49:49,692:INFO:common: yaml file: params.yaml loaded successfully]
[2024-03-28 22:49:49,694:INFO:common: created directory at: artifacts]
[2024-03-28 22:49:49,697:INFO:common: created directory at: artifacts/training]
[2024-03-28 22:59:34,740:INFO:common: yaml file: config/config.yaml loaded successfully]
[2024-03-28 22:59:34,747:INFO:common: yaml file: params.yaml loaded successfully]
[2024-03-28 22:59:34,750:INFO:common: created directory at: artifacts]
[2024-03-28 22:59:34,753:INFO:common: created directory at: artifacts/training]
[2024-03-28 23:04:45,904:INFO:common: yaml file: config/config.yaml loaded successfully]
[2024-03-28 23:04:45,909:INFO:common: yaml file: params.yaml loaded successfully]
[2024-03-28 23:04:45,911:INFO:common: created directory at: artifacts]
[2024-03-28 23:04:45,912:INFO:common: created directory at: artifacts/training]
[2024-03-28 23:05:15,454:INFO:common: yaml file: config/config.yaml loaded successfully]
[2024-03-28 23:05:15,460:INFO:common: yaml file: params.yaml loaded successfully]
[2024-03-28 23:05:15,462:INFO:common: created directory at: artifacts]
[2024-03-28 23:05:15,463:INFO:common: created directory at: artifacts/training]
[2024-03-28 23:12:21,676:INFO:common: yaml file: config/config.yaml loaded successfully]
[2024-03-28 23:12:21,682:INFO:common: yaml file: params.yaml loaded successfully]
[2024-03-28 23:12:21,685:INFO:common: created directory at: artifacts]
[2024-03-28 23:12:21,687:INFO:common: created directory at: artifacts/training]
[2024-03-28 23:26:27,676:INFO:common: yaml file: config/config.yaml loaded successfully]
[2024-03-28 23:26:27,686:INFO:common: yaml file: params.yaml loaded successfully]
[2024-03-28 23:26:27,689:INFO:common: created directory at: artifacts]
[2024-03-28 23:26:27,692:INFO:common: created directory at: artifacts/training]
[2024-03-28 23:33:56,960:INFO:common: yaml file: config/config.yaml loaded successfully]
[2024-03-28 23:33:56,965:INFO:common: yaml file: params.yaml loaded successfully]
[2024-03-28 23:33:56,967:INFO:common: created directory at: artifacts]
[2024-03-28 23:33:56,969:INFO:common: created directory at: artifacts/training]
[2024-03-28 23:34:59,515:INFO:common: yaml file: config/config.yaml loaded successfully]
[2024-03-28 23:34:59,520:INFO:common: yaml file: params.yaml loaded successfully]
[2024-03-28 23:34:59,522:INFO:common: created directory at: artifacts]
[2024-03-28 23:34:59,524:INFO:common: created directory at: artifacts/training]
[2024-03-28 23:35:24,836:INFO:common: yaml file: config/config.yaml loaded successfully]
[2024-03-28 23:35:24,842:INFO:common: yaml file: params.yaml loaded successfully]
[2024-03-28 23:35:24,844:INFO:common: created directory at: artifacts]
[2024-03-28 23:35:24,846:INFO:common: created directory at: artifacts/training]
[2024-03-28 23:38:04,895:INFO:common: yaml file: config/config.yaml loaded successfully]
[2024-03-28 23:38:04,901:INFO:common: yaml file: params.yaml loaded successfully]
[2024-03-28 23:38:04,903:INFO:common: created directory at: artifacts]
[2024-03-28 23:38:04,905:INFO:common: created directory at: artifacts/training]
[2024-03-28 23:47:11,734:INFO:common: yaml file: config/config.yaml loaded successfully]
[2024-03-28 23:47:11,738:INFO:common: yaml file: params.yaml loaded successfully]
[2024-03-28 23:47:11,740:INFO:common: created directory at: artifacts]
[2024-03-28 23:47:11,743:INFO:common: created directory at: artifacts/training]
[2024-03-28 23:47:48,302:INFO:common: yaml file: config/config.yaml loaded successfully]
[2024-03-28 23:47:48,308:INFO:common: yaml file: params.yaml loaded successfully]
[2024-03-28 23:47:48,310:INFO:common: created directory at: artifacts]
[2024-03-28 23:47:48,313:INFO:common: created directory at: artifacts/training]
[2024-03-28 23:48:07,568:INFO:common: yaml file: config/config.yaml loaded successfully]
[2024-03-28 23:48:07,574:INFO:common: yaml file: params.yaml loaded successfully]
[2024-03-28 23:48:07,577:INFO:common: created directory at: artifacts]
[2024-03-28 23:48:07,579:INFO:common: created directory at: artifacts/training]
[2024-03-28 23:50:21,185:INFO:common: yaml file: config/config.yaml loaded successfully]
[2024-03-28 23:50:21,191:INFO:common: yaml file: params.yaml loaded successfully]
[2024-03-28 23:50:21,193:INFO:common: created directory at: artifacts]
[2024-03-28 23:50:21,195:INFO:common: created directory at: artifacts/training]
